app/build/intermediates/manifest_merge_blame_file/productionDebug/processProductionDebugMainManifest/manifest-merger-blame-production-debug-report.txt
1<?xml version="1.0" encoding="utf-8"?>
2<manifest xmlns:android="http://schemas.android.com/apk/res/android"
3    package="com.meshlink"
4    android:versionCode="1"
5    android:versionName="1.0" >
6
7    <uses-sdk
8        android:minSdkVersion="26"
9        android:targetSdkVersion="34" />
10
11    <uses-permission android:name="android.permission.BLUETOOTH" />
11-->src/main/AndroidManifest.xml:5:5-68
11-->src/main/AndroidManifest.xml:5:22-65
12    <uses-permission android:name="android.permission.BLUETOOTH_ADMIN" />
12-->src/main/AndroidManifest.xml:6:5-74
12-->src/main/AndroidManifest.xml:6:22-71
13    <uses-permission android:name="android.permission.ACCESS_FINE_LOCATION" />
13-->src/main/AndroidManifest.xml:7:5-79
13-->src/main/AndroidManifest.xml:7:22-76
14    <uses-permission android:name="android.permission.ACCESS_COARSE_LOCATION" />
14-->src/main/AndroidManifest.xml:8:5-81
14-->src/main/AndroidManifest.xml:8:22-78
15    <uses-permission android:name="android.permission.BLUETOOTH_SCAN" />
15-->src/main/AndroidManifest.xml:9:5-73
15-->src/main/AndroidManifest.xml:9:22-70
16    <uses-permission android:name="android.permission.BLUETOOTH_ADVERTISE" />
16-->src/main/AndroidManifest.xml:10:5-78
16-->src/main/AndroidManifest.xml:10:22-75
17    <uses-permission android:name="android.permission.BLUETOOTH_CONNECT" />
17-->src/main/AndroidManifest.xml:11:5-76
17-->src/main/AndroidManifest.xml:11:22-73
18
19    <uses-feature
19-->src/main/AndroidManifest.xml:12:5-90
20        android:name="android.hardware.bluetooth_le"
20-->src/main/AndroidManifest.xml:12:19-63
21        android:required="true" />
21-->src/main/AndroidManifest.xml:12:64-87
22
23    <uses-permission android:name="android.permission.NEARBY_WIFI_DEVICES" />
23-->src/main/AndroidManifest.xml:14:5-78
23-->src/main/AndroidManifest.xml:14:22-75
24    <uses-permission android:name="android.permission.ACCESS_WIFI_STATE" />
24-->src/main/AndroidManifest.xml:15:5-76
24-->src/main/AndroidManifest.xml:15:22-73
25    <uses-permission android:name="android.permission.CHANGE_WIFI_STATE" />
25-->src/main/AndroidManifest.xml:16:5-76
25-->src/main/AndroidManifest.xml:16:22-73
26    <uses-permission android:name="android.permission.INTERNET" />
26-->src/main/AndroidManifest.xml:17:5-67
26-->src/main/AndroidManifest.xml:17:22-64
27
28    <uses-feature
28-->src/main/AndroidManifest.xml:18:5-89
29        android:name="android.hardware.wifi.direct"
29-->src/main/AndroidManifest.xml:18:19-62
30        android:required="true" />
30-->src/main/AndroidManifest.xml:18:63-86
31
32    <uses-permission android:name="android.permission.RECORD_AUDIO" />
32-->src/main/AndroidManifest.xml:20:5-71
32-->src/main/AndroidManifest.xml:20:22-68
33    <!-- Foreground service permissions -->
34    <uses-permission android:name="android.permission.FOREGROUND_SERVICE" />
34-->src/main/AndroidManifest.xml:22:5-77
34-->src/main/AndroidManifest.xml:22:22-74
35    <uses-permission android:name="android.permission.FOREGROUND_SERVICE_CONNECTED_DEVICE" />
35-->src/main/AndroidManifest.xml:23:5-94
35-->src/main/AndroidManifest.xml:23:22-91
36    <uses-permission android:name="android.permission.POST_NOTIFICATIONS" />
36-->src/main/AndroidManifest.xml:24:5-77
36-->src/main/AndroidManifest.xml:24:22-74
37    <uses-permission android:name="android.permission.WAKE_LOCK" />
37-->src/main/AndroidManifest.xml:25:5-68
37-->src/main/AndroidManifest.xml:25:22-65
38    <uses-permission android:name="android.permission.REQUEST_IGNORE_BATTERY_OPTIMIZATIONS" />
38-->src/main/AndroidManifest.xml:26:5-95
38-->src/main/AndroidManifest.xml:26:22-92
39
40    <!-- FIX Issue 5 & 6: Auto-start mesh after device boot -->
41    <uses-permission android:name="android.permission.RECEIVE_BOOT_COMPLETED" />
41-->src/main/AndroidManifest.xml:29:5-81
41-->src/main/AndroidManifest.xml:29:22-78
42    <uses-permission android:name="android.permission.VIBRATE" />
42-->src/main/AndroidManifest.xml:30:5-66
42-->src/main/AndroidManifest.xml:30:22-63
43
44    <queries>
44-->src/main/AndroidManifest.xml:95:5-100:15
45        <intent>
45-->src/main/AndroidManifest.xml:96:9-99:18
46            <action android:name="android.intent.action.VIEW" />
46-->src/main/AndroidManifest.xml:97:13-65
46-->src/main/AndroidManifest.xml:97:21-62
47
48            <data android:scheme="geo" />
48-->src/main/AndroidManifest.xml:98:13-42
48-->src/main/AndroidManifest.xml:98:19-39
49        </intent>
50    </queries>
51
52    <uses-permission android:name="android.permission.ACCESS_NETWORK_STATE" />
52-->[androidx.work:work-runtime:2.9.0] AndroidManifest.xml:24:5-79
52-->[androidx.work:work-runtime:2.9.0] AndroidManifest.xml:24:22-76
53    <uses-permission android:name="com.google.android.gms.permission.AD_ID" />
53-->[com.google.android.gms:play-services-measurement-api:22.1.2] AndroidManifest.xml:25:5-79
53-->[com.google.android.gms:play-services-measurement-api:22.1.2] AndroidManifest.xml:25:22-76
54    <uses-permission android:name="android.permission.ACCESS_ADSERVICES_ATTRIBUTION" />
54-->[com.google.android.gms:play-services-measurement-api:22.1.2] AndroidManifest.xml:26:5-88
54-->[com.google.android.gms:play-services-measurement-api:22.1.2] AndroidManifest.xml:26:22-85
55    <uses-permission android:name="android.permission.ACCESS_ADSERVICES_AD_ID" />
55-->[com.google.android.gms:play-services-measurement-api:22.1.2] AndroidManifest.xml:27:5-82
55-->[com.google.android.gms:play-services-measurement-api:22.1.2] AndroidManifest.xml:27:22-79
56    <uses-permission android:name="com.google.android.finsky.permission.BIND_GET_INSTALL_REFERRER_SERVICE" />
56-->[com.google.android.gms:play-services-measurement:22.1.2] AndroidManifest.xml:26:5-110
56-->[com.google.android.gms:play-services-measurement:22.1.2] AndroidManifest.xml:26:22-107
57
58    <permission
58-->[androidx.core:core:1.13.1] AndroidManifest.xml:22:5-24:47
59        android:name="com.meshlink.DYNAMIC_RECEIVER_NOT_EXPORTED_PERMISSION"
59-->[androidx.core:core:1.13.1] AndroidManifest.xml:23:9-81
60        android:protectionLevel="signature" />
60-->[androidx.core:core:1.13.1] AndroidManifest.xml:24:9-44
61
62    <uses-permission android:name="com.meshlink.DYNAMIC_RECEIVER_NOT_EXPORTED_PERMISSION" />
62-->[androidx.core:core:1.13.1] AndroidManifest.xml:26:5-97
62-->[androidx.core:core:1.13.1] AndroidManifest.xml:26:22-94
63
64    <application
64-->src/main/AndroidManifest.xml:32:5-93:19
65        android:name="com.meshlink.MeshLinkApp"
65-->src/main/AndroidManifest.xml:33:9-36
66        android:allowBackup="true"
66-->src/main/AndroidManifest.xml:34:9-35
67        android:appComponentFactory="androidx.core.app.CoreComponentFactory"
67-->[androidx.core:core:1.13.1] AndroidManifest.xml:28:18-86
68        android:dataExtractionRules="@xml/data_extraction_rules"
68-->src/main/AndroidManifest.xml:35:9-65
69        android:debuggable="true"
70        android:extractNativeLibs="false"
70-->src/main/AndroidManifest.xml:41:9-42
71        android:fullBackupContent="@xml/backup_rules"
71-->src/main/AndroidManifest.xml:36:9-54
72        android:icon="@mipmap/ic_launcher"
72-->src/main/AndroidManifest.xml:37:9-43
73        android:label="@string/app_name"
73-->src/main/AndroidManifest.xml:38:9-41
74        android:roundIcon="@mipmap/ic_launcher_round"
74-->src/main/AndroidManifest.xml:39:9-54
75        android:supportsRtl="true"
75-->src/main/AndroidManifest.xml:40:9-35
76        android:theme="@style/Theme.MeshLink" >
76-->src/main/AndroidManifest.xml:42:9-46
77        <activity
77-->src/main/AndroidManifest.xml:43:9-51:20
78            android:name="com.meshlink.MainActivity"
78-->src/main/AndroidManifest.xml:44:13-41
79            android:exported="true"
79-->src/main/AndroidManifest.xml:45:13-36
80            android:theme="@style/Theme.MeshLink" >
80-->src/main/AndroidManifest.xml:46:13-50
81            <intent-filter>
81-->src/main/AndroidManifest.xml:47:13-50:29
82                <action android:name="android.intent.action.MAIN" />
82-->src/main/AndroidManifest.xml:48:17-69
82-->src/main/AndroidManifest.xml:48:25-66
83
84                <category android:name="android.intent.category.LAUNCHER" />
84-->src/main/AndroidManifest.xml:49:17-77
84-->src/main/AndroidManifest.xml:49:27-74
85            </intent-filter>
86        </activity>
87
88        <service
88-->src/main/AndroidManifest.xml:53:9-56:63
89            android:name="com.meshlink.service.MeshRelayService"
89-->src/main/AndroidManifest.xml:54:13-53
90            android:exported="false"
90-->src/main/AndroidManifest.xml:55:13-37
91            android:foregroundServiceType="connectedDevice" />
91-->src/main/AndroidManifest.xml:56:13-60
92
93        <!-- FIX Issue 5 & 6: Auto-start MeshRelayService on device boot -->
94        <receiver
94-->src/main/AndroidManifest.xml:59:9-71:20
95            android:name="com.meshlink.service.BootCompletedReceiver"
95-->src/main/AndroidManifest.xml:60:13-58
96            android:enabled="true"
96-->src/main/AndroidManifest.xml:62:13-35
97            android:exported="true" >
97-->src/main/AndroidManifest.xml:61:13-36
98            <intent-filter>
98-->src/main/AndroidManifest.xml:63:13-70:29
99                <action android:name="android.intent.action.BOOT_COMPLETED" />
99-->src/main/AndroidManifest.xml:64:17-79
99-->src/main/AndroidManifest.xml:64:25-76
100                <action android:name="android.intent.action.QUICKBOOT_POWERON" />
100-->src/main/AndroidManifest.xml:65:17-82
100-->src/main/AndroidManifest.xml:65:25-79
101                <action android:name="android.intent.action.LOCKED_BOOT_COMPLETED" />
101-->src/main/AndroidManifest.xml:66:17-86
101-->src/main/AndroidManifest.xml:66:25-83
102                <action android:name="android.intent.action.MY_PACKAGE_REPLACED" />
102-->src/main/AndroidManifest.xml:67:17-84
102-->src/main/AndroidManifest.xml:67:25-81
103                <action android:name="android.intent.action.TIME_SET" />
103-->src/main/AndroidManifest.xml:68:17-73
103-->src/main/AndroidManifest.xml:68:25-70
104                <action android:name="android.intent.action.TIMEZONE_CHANGED" />
104-->src/main/AndroidManifest.xml:69:17-81
104-->src/main/AndroidManifest.xml:69:25-78
105            </intent-filter>
106        </receiver>
107
108        <provider
109            android:name="androidx.core.content.FileProvider"
109-->src/main/AndroidManifest.xml:74:13-62
110            android:authorities="com.meshlink.fileprovider"
110-->src/main/AndroidManifest.xml:75:13-64
111            android:exported="false"
111-->src/main/AndroidManifest.xml:76:13-37
112            android:grantUriPermissions="true" >
112-->src/main/AndroidManifest.xml:77:13-47
113            <meta-data
113-->src/main/AndroidManifest.xml:78:13-80:54
114                android:name="android.support.FILE_PROVIDER_PATHS"
114-->src/main/AndroidManifest.xml:79:17-67
115                android:resource="@xml/file_paths" />
115-->src/main/AndroidManifest.xml:80:17-51
116        </provider>
117        <provider
118            android:name="androidx.startup.InitializationProvider"
118-->src/main/AndroidManifest.xml:84:13-67
119            android:authorities="com.meshlink.androidx-startup"
119-->src/main/AndroidManifest.xml:85:13-68
120            android:exported="false" >
120-->src/main/AndroidManifest.xml:86:13-37
121            <meta-data
121-->[androidx.emoji2:emoji2:1.3.0] AndroidManifest.xml:29:13-31:52
122                android:name="androidx.emoji2.text.EmojiCompatInitializer"
122-->[androidx.emoji2:emoji2:1.3.0] AndroidManifest.xml:30:17-75
123                android:value="androidx.startup" />
123-->[androidx.emoji2:emoji2:1.3.0] AndroidManifest.xml:31:17-49
124            <meta-data
124-->[androidx.lifecycle:lifecycle-process:2.8.7] AndroidManifest.xml:29:13-31:52
125                android:name="androidx.lifecycle.ProcessLifecycleInitializer"
125-->[androidx.lifecycle:lifecycle-process:2.8.7] AndroidManifest.xml:30:17-78
126                android:value="androidx.startup" />
126-->[androidx.lifecycle:lifecycle-process:2.8.7] AndroidManifest.xml:31:17-49
127            <meta-data
127-->[androidx.profileinstaller:profileinstaller:1.3.1] AndroidManifest.xml:29:13-31:52
128                android:name="androidx.profileinstaller.ProfileInstallerInitializer"
128-->[androidx.profileinstaller:profileinstaller:1.3.1] AndroidManifest.xml:30:17-85
129                android:value="androidx.startup" />
129-->[androidx.profileinstaller:profileinstaller:1.3.1] AndroidManifest.xml:31:17-49
130        </provider>
131
132        <service
132-->[androidx.camera:camera-camera2:1.4.0] AndroidManifest.xml:24:9-33:19
133            android:name="androidx.camera.core.impl.MetadataHolderService"
133-->[androidx.camera:camera-camera2:1.4.0] AndroidManifest.xml:25:13-75
134            android:enabled="false"
134-->[androidx.camera:camera-camera2:1.4.0] AndroidManifest.xml:26:13-36
135            android:exported="false" >
135-->[androidx.camera:camera-camera2:1.4.0] AndroidManifest.xml:27:13-37
136            <meta-data
136-->[androidx.camera:camera-camera2:1.4.0] AndroidManifest.xml:30:13-32:89
137                android:name="androidx.camera.core.impl.MetadataHolderService.DEFAULT_CONFIG_PROVIDER"
137-->[androidx.camera:camera-camera2:1.4.0] AndroidManifest.xml:31:17-103
138                android:value="androidx.camera.camera2.Camera2Config$DefaultProvider" />
138-->[androidx.camera:camera-camera2:1.4.0] AndroidManifest.xml:32:17-86
139        </service>
140        <service
140-->[androidx.work:work-runtime:2.9.0] AndroidManifest.xml:39:9-45:35
141            android:name="androidx.work.impl.background.systemalarm.SystemAlarmService"
141-->[androidx.work:work-runtime:2.9.0] AndroidManifest.xml:40:13-88
142            android:directBootAware="false"
142-->[androidx.work:work-runtime:2.9.0] AndroidManifest.xml:41:13-44
143            android:enabled="@bool/enable_system_alarm_service_default"
143-->[androidx.work:work-runtime:2.9.0] AndroidManifest.xml:42:13-72
144            android:exported="false" />
144-->[androidx.work:work-runtime:2.9.0] AndroidManifest.xml:43:13-37
145        <service
145-->[androidx.work:work-runtime:2.9.0] AndroidManifest.xml:46:9-52:35
146            android:name="androidx.work.impl.background.systemjob.SystemJobService"
146-->[androidx.work:work-runtime:2.9.0] AndroidManifest.xml:47:13-84
147            android:directBootAware="false"
147-->[androidx.work:work-runtime:2.9.0] AndroidManifest.xml:48:13-44
148            android:enabled="@bool/enable_system_job_service_default"
148-->[androidx.work:work-runtime:2.9.0] AndroidManifest.xml:49:13-70
149            android:exported="true"
149-->[androidx.work:work-runtime:2.9.0] AndroidManifest.xml:50:13-36
150            android:permission="android.permission.BIND_JOB_SERVICE" />
150-->[androidx.work:work-runtime:2.9.0] AndroidManifest.xml:51:13-69
151        <service
151-->[androidx.work:work-runtime:2.9.0] AndroidManifest.xml:53:9-59:35
152            android:name="androidx.work.impl.foreground.SystemForegroundService"
152-->[androidx.work:work-runtime:2.9.0] AndroidManifest.xml:54:13-81
153            android:directBootAware="false"
153-->[androidx.work:work-runtime:2.9.0] AndroidManifest.xml:55:13-44
154            android:enabled="@bool/enable_system_foreground_service_default"
154-->[androidx.work:work-runtime:2.9.0] AndroidManifest.xml:56:13-77
155            android:exported="false" />
155-->[androidx.work:work-runtime:2.9.0] AndroidManifest.xml:57:13-37
156
157        <receiver
157-->[androidx.work:work-runtime:2.9.0] AndroidManifest.xml:61:9-66:35
158            android:name="androidx.work.impl.utils.ForceStopRunnable$BroadcastReceiver"
158-->[androidx.work:work-runtime:2.9.0] AndroidManifest.xml:62:13-88
159            android:directBootAware="false"
159-->[androidx.work:work-runtime:2.9.0] AndroidManifest.xml:63:13-44
160            android:enabled="true"
160-->[androidx.work:work-runtime:2.9.0] AndroidManifest.xml:64:13-35
161            android:exported="false" />
161-->[androidx.work:work-runtime:2.9.0] AndroidManifest.xml:65:13-37
162        <receiver
162-->[androidx.work:work-runtime:2.9.0] AndroidManifest.xml:67:9-77:20
163            android:name="androidx.work.impl.background.systemalarm.ConstraintProxy$BatteryChargingProxy"
163-->[androidx.work:work-runtime:2.9.0] AndroidManifest.xml:68:13-106
164            android:directBootAware="false"
164-->[androidx.work:work-runtime:2.9.0] AndroidManifest.xml:69:13-44
165            android:enabled="false"
165-->[androidx.work:work-runtime:2.9.0] AndroidManifest.xml:70:13-36
166            android:exported="false" >
166-->[androidx.work:work-runtime:2.9.0] AndroidManifest.xml:71:13-37
167            <intent-filter>
167-->[androidx.work:work-runtime:2.9.0] AndroidManifest.xml:73:13-76:29
168                <action android:name="android.intent.action.ACTION_POWER_CONNECTED" />
168-->[androidx.work:work-runtime:2.9.0] AndroidManifest.xml:74:17-87
168-->[androidx.work:work-runtime:2.9.0] AndroidManifest.xml:74:25-84
169                <action android:name="android.intent.action.ACTION_POWER_DISCONNECTED" />
169-->[androidx.work:work-runtime:2.9.0] AndroidManifest.xml:75:17-90
169-->[androidx.work:work-runtime:2.9.0] AndroidManifest.xml:75:25-87
170            </intent-filter>
171        </receiver>
172        <receiver
172-->[androidx.work:work-runtime:2.9.0] AndroidManifest.xml:78:9-88:20
173            android:name="androidx.work.impl.background.systemalarm.ConstraintProxy$BatteryNotLowProxy"
173-->[androidx.work:work-runtime:2.9.0] AndroidManifest.xml:79:13-104
174            android:directBootAware="false"
174-->[androidx.work:work-runtime:2.9.0] AndroidManifest.xml:80:13-44
175            android:enabled="false"
175-->[androidx.work:work-runtime:2.9.0] AndroidManifest.xml:81:13-36
176            android:exported="false" >
176-->[androidx.work:work-runtime:2.9.0] AndroidManifest.xml:82:13-37
177            <intent-filter>
177-->[androidx.work:work-runtime:2.9.0] AndroidManifest.xml:84:13-87:29
178                <action android:name="android.intent.action.BATTERY_OKAY" />
178-->[androidx.work:work-runtime:2.9.0] AndroidManifest.xml:85:17-77
178-->[androidx.work:work-runtime:2.9.0] AndroidManifest.xml:85:25-74
179                <action android:name="android.intent.action.BATTERY_LOW" />
179-->[androidx.work:work-runtime:2.9.0] AndroidManifest.xml:86:17-76
179-->[androidx.work:work-runtime:2.9.0] AndroidManifest.xml:86:25-73
180            </intent-filter>
181        </receiver>
182        <receiver
182-->[androidx.work:work-runtime:2.9.0] AndroidManifest.xml:89:9-99:20
183            android:name="androidx.work.impl.background.systemalarm.ConstraintProxy$StorageNotLowProxy"
183-->[androidx.work:work-runtime:2.9.0] AndroidManifest.xml:90:13-104
184            android:directBootAware="false"
184-->[androidx.work:work-runtime:2.9.0] AndroidManifest.xml:91:13-44
185            android:enabled="false"
185-->[androidx.work:work-runtime:2.9.0] AndroidManifest.xml:92:13-36
186            android:exported="false" >
186-->[androidx.work:work-runtime:2.9.0] AndroidManifest.xml:93:13-37
187            <intent-filter>
187-->[androidx.work:work-runtime:2.9.0] AndroidManifest.xml:95:13-98:29
188                <action android:name="android.intent.action.DEVICE_STORAGE_LOW" />
188-->[androidx.work:work-runtime:2.9.0] AndroidManifest.xml:96:17-83
188-->[androidx.work:work-runtime:2.9.0] AndroidManifest.xml:96:25-80
189                <action android:name="android.intent.action.DEVICE_STORAGE_OK" />
189-->[androidx.work:work-runtime:2.9.0] AndroidManifest.xml:97:17-82
189-->[androidx.work:work-runtime:2.9.0] AndroidManifest.xml:97:25-79
190            </intent-filter>
191        </receiver>
192        <receiver
192-->[androidx.work:work-runtime:2.9.0] AndroidManifest.xml:100:9-109:20
193            android:name="androidx.work.impl.background.systemalarm.ConstraintProxy$NetworkStateProxy"
193-->[androidx.work:work-runtime:2.9.0] AndroidManifest.xml:101:13-103
194            android:directBootAware="false"
194-->[androidx.work:work-runtime:2.9.0] AndroidManifest.xml:102:13-44
195            android:enabled="false"
195-->[androidx.work:work-runtime:2.9.0] AndroidManifest.xml:103:13-36
196            android:exported="false" >
196-->[androidx.work:work-runtime:2.9.0] AndroidManifest.xml:104:13-37
197            <intent-filter>
197-->[androidx.work:work-runtime:2.9.0] AndroidManifest.xml:106:13-108:29
198                <action android:name="android.net.conn.CONNECTIVITY_CHANGE" />
198-->[androidx.work:work-runtime:2.9.0] AndroidManifest.xml:107:17-79
198-->[androidx.work:work-runtime:2.9.0] AndroidManifest.xml:107:25-76
199            </intent-filter>
200        </receiver>
201        <receiver
201-->[androidx.work:work-runtime:2.9.0] AndroidManifest.xml:110:9-121:20
202            android:name="androidx.work.impl.background.systemalarm.RescheduleReceiver"
202-->[androidx.work:work-runtime:2.9.0] AndroidManifest.xml:111:13-88
203            android:directBootAware="false"
203-->[androidx.work:work-runtime:2.9.0] AndroidManifest.xml:112:13-44
204            android:enabled="false"
204-->[androidx.work:work-runtime:2.9.0] AndroidManifest.xml:113:13-36
205            android:exported="false" >
205-->[androidx.work:work-runtime:2.9.0] AndroidManifest.xml:114:13-37
206            <intent-filter>
206-->[androidx.work:work-runtime:2.9.0] AndroidManifest.xml:116:13-120:29
207                <action android:name="android.intent.action.BOOT_COMPLETED" />
207-->src/main/AndroidManifest.xml:64:17-79
207-->src/main/AndroidManifest.xml:64:25-76
208                <action android:name="android.intent.action.TIME_SET" />
208-->src/main/AndroidManifest.xml:68:17-73
208-->src/main/AndroidManifest.xml:68:25-70
209                <action android:name="android.intent.action.TIMEZONE_CHANGED" />
209-->src/main/AndroidManifest.xml:69:17-81
209-->src/main/AndroidManifest.xml:69:25-78
210            </intent-filter>
211        </receiver>
212        <receiver
212-->[androidx.work:work-runtime:2.9.0] AndroidManifest.xml:122:9-131:20
213            android:name="androidx.work.impl.background.systemalarm.ConstraintProxyUpdateReceiver"
213-->[androidx.work:work-runtime:2.9.0] AndroidManifest.xml:123:13-99
214            android:directBootAware="false"
214-->[androidx.work:work-runtime:2.9.0] AndroidManifest.xml:124:13-44
215            android:enabled="@bool/enable_system_alarm_service_default"
215-->[androidx.work:work-runtime:2.9.0] AndroidManifest.xml:125:13-72
216            android:exported="false" >
216-->[androidx.work:work-runtime:2.9.0] AndroidManifest.xml:126:13-37
217            <intent-filter>
217-->[androidx.work:work-runtime:2.9.0] AndroidManifest.xml:128:13-130:29
218                <action android:name="androidx.work.impl.background.systemalarm.UpdateProxies" />
218-->[androidx.work:work-runtime:2.9.0] AndroidManifest.xml:129:17-98
218-->[androidx.work:work-runtime:2.9.0] AndroidManifest.xml:129:25-95
219            </intent-filter>
220        </receiver>
221        <receiver
221-->[androidx.work:work-runtime:2.9.0] AndroidManifest.xml:132:9-142:20
222            android:name="androidx.work.impl.diagnostics.DiagnosticsReceiver"
222-->[androidx.work:work-runtime:2.9.0] AndroidManifest.xml:133:13-78
223            android:directBootAware="false"
223-->[androidx.work:work-runtime:2.9.0] AndroidManifest.xml:134:13-44
224            android:enabled="true"
224-->[androidx.work:work-runtime:2.9.0] AndroidManifest.xml:135:13-35
225            android:exported="true"
225-->[androidx.work:work-runtime:2.9.0] AndroidManifest.xml:136:13-36
226            android:permission="android.permission.DUMP" >
226-->[androidx.work:work-runtime:2.9.0] AndroidManifest.xml:137:13-57
227            <intent-filter>
227-->[androidx.work:work-runtime:2.9.0] AndroidManifest.xml:139:13-141:29
228                <action android:name="androidx.work.diagnostics.REQUEST_DIAGNOSTICS" />
228-->[androidx.work:work-runtime:2.9.0] AndroidManifest.xml:140:17-88
228-->[androidx.work:work-runtime:2.9.0] AndroidManifest.xml:140:25-85
229            </intent-filter>
230        </receiver>
231
232        <activity
232-->[androidx.compose.ui:ui-tooling-android:1.7.4] AndroidManifest.xml:23:9-25:39
233            android:name="androidx.compose.ui.tooling.PreviewActivity"
233-->[androidx.compose.ui:ui-tooling-android:1.7.4] AndroidManifest.xml:24:13-71
234            android:exported="true" />
234-->[androidx.compose.ui:ui-tooling-android:1.7.4] AndroidManifest.xml:25:13-36
235        <activity
235-->[androidx.compose.ui:ui-test-manifest:1.7.4] AndroidManifest.xml:23:9-25:39
236            android:name="androidx.activity.ComponentActivity"
236-->[androidx.compose.ui:ui-test-manifest:1.7.4] AndroidManifest.xml:24:13-63
237            android:exported="true" />
237-->[androidx.compose.ui:ui-test-manifest:1.7.4] AndroidManifest.xml:25:13-36
238
239        <service
239-->[com.google.firebase:firebase-crashlytics-ktx:19.2.1] AndroidManifest.xml:21:9-27:19
240            android:name="com.google.firebase.components.ComponentDiscoveryService"
240-->[com.google.firebase:firebase-crashlytics-ktx:19.2.1] AndroidManifest.xml:22:13-84
241            android:directBootAware="true"
241-->[com.google.firebase:firebase-common:21.0.0] AndroidManifest.xml:32:13-43
242            android:exported="false" >
242-->[com.google.firebase:firebase-crashlytics-ktx:19.2.1] AndroidManifest.xml:23:13-37
243            <meta-data
243-->[com.google.firebase:firebase-crashlytics-ktx:19.2.1] AndroidManifest.xml:24:13-26:85
244                android:name="com.google.firebase.components:com.google.firebase.crashlytics.ktx.FirebaseCrashlyticsKtxRegistrar"
244-->[com.google.firebase:firebase-crashlytics-ktx:19.2.1] AndroidManifest.xml:25:17-130
245                android:value="com.google.firebase.components.ComponentRegistrar" />
245-->[com.google.firebase:firebase-crashlytics-ktx:19.2.1] AndroidManifest.xml:26:17-82
246            <meta-data
246-->[com.google.firebase:firebase-analytics-ktx:22.1.2] AndroidManifest.xml:11:13-13:85
247                android:name="com.google.firebase.components:com.google.firebase.analytics.ktx.FirebaseAnalyticsLegacyRegistrar"
247-->[com.google.firebase:firebase-analytics-ktx:22.1.2] AndroidManifest.xml:12:17-129
248                android:value="com.google.firebase.components.ComponentRegistrar" />
248-->[com.google.firebase:firebase-analytics-ktx:22.1.2] AndroidManifest.xml:13:17-82
249            <meta-data
249-->[com.google.firebase:firebase-crashlytics:19.2.1] AndroidManifest.xml:15:13-17:85
250                android:name="com.google.firebase.components:com.google.firebase.crashlytics.FirebaseCrashlyticsKtxRegistrar"
250-->[com.google.firebase:firebase-crashlytics:19.2.1] AndroidManifest.xml:16:17-126
251                android:value="com.google.firebase.components.ComponentRegistrar" />
251-->[com.google.firebase:firebase-crashlytics:19.2.1] AndroidManifest.xml:17:17-82
252            <meta-data
252-->[com.google.firebase:firebase-crashlytics:19.2.1] AndroidManifest.xml:18:13-20:85
253                android:name="com.google.firebase.components:com.google.firebase.crashlytics.CrashlyticsRegistrar"
253-->[com.google.firebase:firebase-crashlytics:19.2.1] AndroidManifest.xml:19:17-115
254                android:value="com.google.firebase.components.ComponentRegistrar" />
254-->[com.google.firebase:firebase-crashlytics:19.2.1] AndroidManifest.xml:20:17-82
255            <meta-data
255-->[com.google.firebase:firebase-sessions:2.0.6] AndroidManifest.xml:29:13-31:85
256                android:name="com.google.firebase.components:com.google.firebase.sessions.FirebaseSessionsRegistrar"
256-->[com.google.firebase:firebase-sessions:2.0.6] AndroidManifest.xml:30:17-117
257                android:value="com.google.firebase.components.ComponentRegistrar" />
257-->[com.google.firebase:firebase-sessions:2.0.6] AndroidManifest.xml:31:17-82
258            <meta-data
258-->[com.google.android.gms:play-services-measurement-api:22.1.2] AndroidManifest.xml:37:13-39:85
259                android:name="com.google.firebase.components:com.google.firebase.analytics.connector.internal.AnalyticsConnectorRegistrar"
259-->[com.google.android.gms:play-services-measurement-api:22.1.2] AndroidManifest.xml:38:17-139
260                android:value="com.google.firebase.components.ComponentRegistrar" />
260-->[com.google.android.gms:play-services-measurement-api:22.1.2] AndroidManifest.xml:39:17-82
261            <meta-data
261-->[com.google.firebase:firebase-installations:18.0.0] AndroidManifest.xml:15:13-17:85
262                android:name="com.google.firebase.components:com.google.firebase.installations.FirebaseInstallationsKtxRegistrar"
262-->[com.google.firebase:firebase-installations:18.0.0] AndroidManifest.xml:16:17-130
263                android:value="com.google.firebase.components.ComponentRegistrar" />
263-->[com.google.firebase:firebase-installations:18.0.0] AndroidManifest.xml:17:17-82
264            <meta-data
264-->[com.google.firebase:firebase-installations:18.0.0] AndroidManifest.xml:18:13-20:85
265                android:name="com.google.firebase.components:com.google.firebase.installations.FirebaseInstallationsRegistrar"
265-->[com.google.firebase:firebase-installations:18.0.0] AndroidManifest.xml:19:17-127
266                android:value="com.google.firebase.components.ComponentRegistrar" />
266-->[com.google.firebase:firebase-installations:18.0.0] AndroidManifest.xml:20:17-82
267            <meta-data
267-->[com.google.firebase:firebase-common-ktx:21.0.0] AndroidManifest.xml:12:13-14:85
268                android:name="com.google.firebase.components:com.google.firebase.ktx.FirebaseCommonLegacyRegistrar"
268-->[com.google.firebase:firebase-common-ktx:21.0.0] AndroidManifest.xml:13:17-116
269                android:value="com.google.firebase.components.ComponentRegistrar" />